

Microchip MPLAB XC8 Assembler V2.20 build 20200408173844 
                                                                                               Thu Sep 03 18:50:17 2020

Microchip MPLAB XC8 C Compiler v2.20 (Free license) build 20200408173844 Og1 
     1                           	processor	18F26K22
     2                           	fnconf	rparam,??,?,0
     3                           	pagewidth 120
     4                           	opt	flic
     5                           	psect	cinit,global,reloc=2,class=CODE,delta=1
     6                           	psect	cstackCOMRAM,global,class=COMRAM,space=1,delta=1,lowdata,noexec
     7                           	psect	text0,global,reloc=2,class=CODE,delta=1
     8                           	psect	text1,global,reloc=2,class=CODE,delta=1
     9                           	psect	text2,global,reloc=2,class=CODE,delta=1
    10                           	psect	text3,global,reloc=2,class=CODE,delta=1
    11                           	psect	intsave_regs,global,class=BIGRAM,space=1,delta=1,noexec
    12                           	psect	rparam,global,class=COMRAM,space=1,delta=1,noexec
    13                           	psect	idloc,global,abs,ovrld,class=IDLOC,space=5,delta=1,noexec
    14                           	psect	config,global,abs,ovrld,class=CONFIG,space=4,delta=1,noexec
    15  0000                     
    16                           ; Version 2.20
    17                           ; Generated 09/04/2020 GMT
    18                           ; 
    19                           ; Copyright © 2020, Microchip Technology Inc. and its subsidiaries ("Microchip")
    20                           ; All rights reserved.
    21                           ; 
    22                           ; This software is developed by Microchip Technology Inc. and its subsidiaries ("Microch
      +                          ip").
    23                           ; 
    24                           ; Redistribution and use in source and binary forms, with or without modification, are
    25                           ; permitted provided that the following conditions are met:
    26                           ; 
    27                           ;     1. Redistributions of source code must retain the above copyright notice, this lis
      +                          t of
    28                           ;        conditions and the following disclaimer.
    29                           ; 
    30                           ;     2. Redistributions in binary form must reproduce the above copyright notice, this 
      +                          list
    31                           ;        of conditions and the following disclaimer in the documentation and/or other
    32                           ;        materials provided with the distribution.
    33                           ; 
    34                           ;     3. Microchip's name may not be used to endorse or promote products derived from th
      +                          is
    35                           ;        software without specific prior written permission.
    36                           ; 
    37                           ; THIS SOFTWARE IS PROVIDED BY MICROCHIP "AS IS" AND ANY EXPRESS OR IMPLIED WARRANTIES,
    38                           ; INCLUDING, BUT NOT LIMITED TO, THE IMPLIED WARRANTIES OF MERCHANTABILITY AND FITNESS F
      +                          OR
    39                           ; PURPOSE ARE DISCLAIMED.  IN NO EVENT SHALL MICROCHIP BE LIABLE FOR ANY DIRECT, INDIREC
      +                          T,
    40                           ; INCIDENTAL, SPECIAL, EXEMPLARY, OR CONSEQUENTIAL DAMAGES (INCLUDING BUT NOT LIMITED TO
    41                           ; PROCUREMENT OF SUBSTITUTE GOODS OR SERVICES; LOSS OF USE, DATA OR PROFITS; OR BUSINESS
    42                           ; INTERRUPTION) HOWSOEVER CAUSED AND ON ANY THEORY OF LIABILITY, WHETHER IN CONTRACT, ST
      +                          RICT
    43                           ; LIABILITY, OR TORT (INCLUDING NEGLIGENCE OR OTHERWISE) ARISING IN ANY WAY OUT OF THE U
      +                          SE OF
    44                           ; THIS SOFTWARE, EVEN IF ADVISED OF THE POSSIBILITY OF SUCH DAMAGE.
    45                           ; 
    46                           ; 
    47                           ; Code-generator required, PIC18F26K22 Definitions
    48                           ; 
    49                           ; SFR Addresses
    50  0000                     _ANSELBbits	set	3897
    51  0000                     _ANSELAbits	set	3896
    52  0000                     _TRISBbits	set	3987
    53  0000                     _TRISAbits	set	3986
    54  0000                     _OSCTUNEbits	set	3995
    55  0000                     _OSCCONbits	set	4051
    56  0000                     _PORTAbits	set	3968
    57  0000                     _LATBbits	set	3978
    58                           
    59                           ; #config settings
    60                           
    61                           	psect	cinit
    62  00FF44                     __pcinit:
    63                           	callstack 0
    64  00FF44                     start_initialization:
    65                           	callstack 0
    66  00FF44                     __initialization:
    67                           	callstack 0
    68  00FF44                     end_of_initialization:
    69                           	callstack 0
    70  00FF44                     __end_of__initialization:
    71                           	callstack 0
    72  00FF44  0100               	movlb	0
    73  00FF46  EFE1  F07F         	goto	_main	;jump to C main() function
    74                           
    75                           	psect	cstackCOMRAM
    76  000001                     __pcstackCOMRAM:
    77                           	callstack 0
    78  000001                     microSecondDelay@us:
    79                           	callstack 0
    80                           
    81                           ; 2 bytes @ 0x0
    82  000001                     	ds	2
    83  000003                     microSecondDelay@i:
    84                           	callstack 0
    85                           
    86                           ; 2 bytes @ 0x2
    87  000003                     	ds	2
    88  000005                     milliSecondDelay@ms:
    89                           	callstack 0
    90                           
    91                           ; 2 bytes @ 0x4
    92  000005                     	ds	2
    93  000007                     milliSecondDelay@i:
    94                           	callstack 0
    95                           
    96                           ; 2 bytes @ 0x6
    97  000007                     	ds	2
    98  000009                     
    99                           ; 1 bytes @ 0x8
   100 ;;
   101 ;;Main: autosize = 0, tempsize = 0, incstack = 0, save=0
   102 ;;
   103 ;; *************** function _main *****************
   104 ;; Defined at:
   105 ;;		line 53 in file "inLab02.c"
   106 ;; Parameters:    Size  Location     Type
   107 ;;		None
   108 ;; Auto vars:     Size  Location     Type
   109 ;;		None
   110 ;; Return value:  Size  Location     Type
   111 ;;                  1    wreg      void 
   112 ;; Registers used:
   113 ;;		wreg, status,2, status,0, cstack
   114 ;; Tracked objects:
   115 ;;		On entry : 0/0
   116 ;;		On exit  : 0/0
   117 ;;		Unchanged: 0/0
   118 ;; Data sizes:     COMRAM   BANK0   BANK1   BANK2   BANK3   BANK4   BANK5   BANK6   BANK7   BANK8   BANK9  BANK10  BANK1
      +1  BANK12  BANK13  BANK14  BANK15
   119 ;;      Params:         0       0       0       0       0       0       0       0       0       0       0       0       
      +0       0       0       0       0
   120 ;;      Locals:         0       0       0       0       0       0       0       0       0       0       0       0       
      +0       0       0       0       0
   121 ;;      Temps:          0       0       0       0       0       0       0       0       0       0       0       0       
      +0       0       0       0       0
   122 ;;      Totals:         0       0       0       0       0       0       0       0       0       0       0       0       
      +0       0       0       0       0
   123 ;;Total ram usage:        0 bytes
   124 ;; Hardware stack levels required when called:    2
   125 ;; This function calls:
   126 ;;		_initPIC
   127 ;;		_milliSecondDelay
   128 ;; This function is called by:
   129 ;;		Startup code after reset
   130 ;; This function uses a non-reentrant model
   131 ;;
   132                           
   133                           	psect	text0
   134  00FFC2                     __ptext0:
   135                           	callstack 0
   136  00FFC2                     _main:
   137                           	callstack 29
   138  00FFC2                     
   139                           ;inLab02.c: 55:     initPIC();
   140  00FFC2  ECA5  F07F         	call	_initPIC	;wreg free
   141  00FFC6                     l771:
   142                           
   143                           ;inLab02.c: 59:         LATBbits.LATB5 = 0;
   144  00FFC6  9A8A               	bcf	138,5,c	;volatile
   145  00FFC8                     l28:
   146  00FFC8  B480               	btfsc	128,2,c	;volatile
   147  00FFCA  EFE9  F07F         	goto	u71
   148  00FFCE  EFEB  F07F         	goto	u70
   149  00FFD2                     u71:
   150  00FFD2  EFE4  F07F         	goto	l28
   151  00FFD6                     u70:
   152  00FFD6  9480               	bcf	128,2,c	;volatile
   153  00FFD8  EFF5  F07F         	goto	l777
   154  00FFDC                     l773:
   155                           
   156                           ;inLab02.c: 66:             LATBbits.LATB5 ^= 1;
   157  00FFDC  7A8A               	btg	138,5,c	;volatile
   158  00FFDE                     
   159                           ;inLab02.c: 67:             milliSecondDelay(1);
   160  00FFDE  0E00               	movlw	0
   161  00FFE0  6E06               	movwf	(milliSecondDelay@ms+1)^0,c
   162  00FFE2  0E01               	movlw	1
   163  00FFE4  6E05               	movwf	milliSecondDelay@ms^0,c
   164  00FFE6  ECC7  F07F         	call	_milliSecondDelay	;wreg free
   165  00FFEA                     l777:
   166                           
   167                           ;inLab02.c: 65:         while (PORTAbits.RA2 == 1) {
   168  00FFEA  B480               	btfsc	128,2,c	;volatile
   169  00FFEC  EFFA  F07F         	goto	u81
   170  00FFF0  EFFC  F07F         	goto	u80
   171  00FFF4                     u81:
   172  00FFF4  EFEE  F07F         	goto	l773
   173  00FFF8                     u80:
   174  00FFF8  EFE3  F07F         	goto	l771
   175  00FFFC  EF00  F000         	goto	start
   176  010000                     __end_of_main:
   177                           	callstack 0
   178                           
   179 ;; *************** function _milliSecondDelay *****************
   180 ;; Defined at:
   181 ;;		line 101 in file "inLab02.c"
   182 ;; Parameters:    Size  Location     Type
   183 ;;  ms              2    4[COMRAM] unsigned short 
   184 ;; Auto vars:     Size  Location     Type
   185 ;;  i               2    6[COMRAM] unsigned short 
   186 ;; Return value:  Size  Location     Type
   187 ;;                  1    wreg      void 
   188 ;; Registers used:
   189 ;;		wreg, status,2, status,0, cstack
   190 ;; Tracked objects:
   191 ;;		On entry : 0/0
   192 ;;		On exit  : 0/0
   193 ;;		Unchanged: 0/0
   194 ;; Data sizes:     COMRAM   BANK0   BANK1   BANK2   BANK3   BANK4   BANK5   BANK6   BANK7   BANK8   BANK9  BANK10  BANK1
      +1  BANK12  BANK13  BANK14  BANK15
   195 ;;      Params:         2       0       0       0       0       0       0       0       0       0       0       0       
      +0       0       0       0       0
   196 ;;      Locals:         2       0       0       0       0       0       0       0       0       0       0       0       
      +0       0       0       0       0
   197 ;;      Temps:          0       0       0       0       0       0       0       0       0       0       0       0       
      +0       0       0       0       0
   198 ;;      Totals:         4       0       0       0       0       0       0       0       0       0       0       0       
      +0       0       0       0       0
   199 ;;Total ram usage:        4 bytes
   200 ;; Hardware stack levels used:    1
   201 ;; Hardware stack levels required when called:    1
   202 ;; This function calls:
   203 ;;		_microSecondDelay
   204 ;; This function is called by:
   205 ;;		_main
   206 ;; This function uses a non-reentrant model
   207 ;;
   208                           
   209                           	psect	text1
   210  00FF8E                     __ptext1:
   211                           	callstack 0
   212  00FF8E                     _milliSecondDelay:
   213                           	callstack 29
   214  00FF8E                     
   215                           ;inLab02.c: 103:     uint16_t i;;inLab02.c: 105:     for (i = 0; i < ms; i++) microSecon
      +                          dDelay(1000);
   216  00FF8E  0E00               	movlw	0
   217  00FF90  6E08               	movwf	(milliSecondDelay@i+1)^0,c
   218  00FF92  0E00               	movlw	0
   219  00FF94  6E07               	movwf	milliSecondDelay@i^0,c
   220  00FF96  EFD5  F07F         	goto	l767
   221  00FF9A                     l763:
   222  00FF9A  0E03               	movlw	3
   223  00FF9C  6E02               	movwf	(microSecondDelay@us+1)^0,c
   224  00FF9E  0EE8               	movlw	232
   225  00FFA0  6E01               	movwf	microSecondDelay@us^0,c
   226  00FFA2  ECAF  F07F         	call	_microSecondDelay	;wreg free
   227  00FFA6  4A07               	infsnz	milliSecondDelay@i^0,f,c
   228  00FFA8  2A08               	incf	(milliSecondDelay@i+1)^0,f,c
   229  00FFAA                     l767:
   230  00FFAA  5005               	movf	milliSecondDelay@ms^0,w,c
   231  00FFAC  5C07               	subwf	milliSecondDelay@i^0,w,c
   232  00FFAE  5006               	movf	(milliSecondDelay@ms+1)^0,w,c
   233  00FFB0  5808               	subwfb	(milliSecondDelay@i+1)^0,w,c
   234  00FFB2  A0D8               	btfss	status,0,c
   235  00FFB4  EFDE  F07F         	goto	u61
   236  00FFB8  EFE0  F07F         	goto	u60
   237  00FFBC                     u61:
   238  00FFBC  EFCD  F07F         	goto	l763
   239  00FFC0                     u60:
   240  00FFC0  0012               	return		;funcret
   241  00FFC2                     __end_of_milliSecondDelay:
   242                           	callstack 0
   243                           
   244 ;; *************** function _microSecondDelay *****************
   245 ;; Defined at:
   246 ;;		line 114 in file "inLab02.c"
   247 ;; Parameters:    Size  Location     Type
   248 ;;  us              2    0[COMRAM] unsigned short 
   249 ;; Auto vars:     Size  Location     Type
   250 ;;  i               2    2[COMRAM] unsigned short 
   251 ;; Return value:  Size  Location     Type
   252 ;;                  1    wreg      void 
   253 ;; Registers used:
   254 ;;		wreg, status,2, status,0
   255 ;; Tracked objects:
   256 ;;		On entry : 0/0
   257 ;;		On exit  : 0/0
   258 ;;		Unchanged: 0/0
   259 ;; Data sizes:     COMRAM   BANK0   BANK1   BANK2   BANK3   BANK4   BANK5   BANK6   BANK7   BANK8   BANK9  BANK10  BANK1
      +1  BANK12  BANK13  BANK14  BANK15
   260 ;;      Params:         2       0       0       0       0       0       0       0       0       0       0       0       
      +0       0       0       0       0
   261 ;;      Locals:         2       0       0       0       0       0       0       0       0       0       0       0       
      +0       0       0       0       0
   262 ;;      Temps:          0       0       0       0       0       0       0       0       0       0       0       0       
      +0       0       0       0       0
   263 ;;      Totals:         4       0       0       0       0       0       0       0       0       0       0       0       
      +0       0       0       0       0
   264 ;;Total ram usage:        4 bytes
   265 ;; Hardware stack levels used:    1
   266 ;; This function calls:
   267 ;;		Nothing
   268 ;; This function is called by:
   269 ;;		_milliSecondDelay
   270 ;; This function uses a non-reentrant model
   271 ;;
   272                           
   273                           	psect	text2
   274  00FF5E                     __ptext2:
   275                           	callstack 0
   276  00FF5E                     _microSecondDelay:
   277                           	callstack 29
   278  00FF5E                     
   279                           ;inLab02.c: 116:     uint16_t i;;inLab02.c: 118:     for (i = 0; i < us; i++) {
   280  00FF5E  0E00               	movlw	0
   281  00FF60  6E04               	movwf	(microSecondDelay@i+1)^0,c
   282  00FF62  0E00               	movlw	0
   283  00FF64  6E03               	movwf	microSecondDelay@i^0,c
   284  00FF66  EFBB  F07F         	goto	l759
   285  00FF6A                     l51:
   286  00FF6A  F000               	nop		;# 
   287  00FF6C  F000               	nop		;# 
   288  00FF6E  F000               	nop		;# 
   289  00FF70  F000               	nop		;# 
   290  00FF72                     
   291                           ;inLab02.c: 125:     }
   292  00FF72  4A03               	infsnz	microSecondDelay@i^0,f,c
   293  00FF74  2A04               	incf	(microSecondDelay@i+1)^0,f,c
   294  00FF76                     l759:
   295  00FF76  5001               	movf	microSecondDelay@us^0,w,c
   296  00FF78  5C03               	subwf	microSecondDelay@i^0,w,c
   297  00FF7A  5002               	movf	(microSecondDelay@us+1)^0,w,c
   298  00FF7C  5804               	subwfb	(microSecondDelay@i+1)^0,w,c
   299  00FF7E  A0D8               	btfss	status,0,c
   300  00FF80  EFC4  F07F         	goto	u51
   301  00FF84  EFC6  F07F         	goto	u50
   302  00FF88                     u51:
   303  00FF88  EFB5  F07F         	goto	l51
   304  00FF8C                     u50:
   305  00FF8C  0012               	return		;funcret
   306  00FF8E                     __end_of_microSecondDelay:
   307                           	callstack 0
   308                           
   309 ;; *************** function _initPIC *****************
   310 ;; Defined at:
   311 ;;		line 80 in file "inLab02.c"
   312 ;; Parameters:    Size  Location     Type
   313 ;;		None
   314 ;; Auto vars:     Size  Location     Type
   315 ;;		None
   316 ;; Return value:  Size  Location     Type
   317 ;;                  1    wreg      void 
   318 ;; Registers used:
   319 ;;		None
   320 ;; Tracked objects:
   321 ;;		On entry : 0/0
   322 ;;		On exit  : 0/0
   323 ;;		Unchanged: 0/0
   324 ;; Data sizes:     COMRAM   BANK0   BANK1   BANK2   BANK3   BANK4   BANK5   BANK6   BANK7   BANK8   BANK9  BANK10  BANK1
      +1  BANK12  BANK13  BANK14  BANK15
   325 ;;      Params:         0       0       0       0       0       0       0       0       0       0       0       0       
      +0       0       0       0       0
   326 ;;      Locals:         0       0       0       0       0       0       0       0       0       0       0       0       
      +0       0       0       0       0
   327 ;;      Temps:          0       0       0       0       0       0       0       0       0       0       0       0       
      +0       0       0       0       0
   328 ;;      Totals:         0       0       0       0       0       0       0       0       0       0       0       0       
      +0       0       0       0       0
   329 ;;Total ram usage:        0 bytes
   330 ;; Hardware stack levels used:    1
   331 ;; This function calls:
   332 ;;		Nothing
   333 ;; This function is called by:
   334 ;;		_main
   335 ;; This function uses a non-reentrant model
   336 ;;
   337                           
   338                           	psect	text3
   339  00FF4A                     __ptext3:
   340                           	callstack 0
   341  00FF4A                     _initPIC:
   342                           	callstack 30
   343  00FF4A                     
   344                           ;inLab02.c: 83:     OSCCONbits.IRCF2 = 1;
   345  00FF4A  8CD3               	bsf	211,6,c	;volatile
   346                           
   347                           ;inLab02.c: 84:     OSCCONbits.IRCF1 = 1;
   348  00FF4C  8AD3               	bsf	211,5,c	;volatile
   349                           
   350                           ;inLab02.c: 85:     OSCCONbits.IRCF0 = 1;
   351  00FF4E  88D3               	bsf	211,4,c	;volatile
   352                           
   353                           ;inLab02.c: 86:     OSCTUNEbits.PLLEN = 1;
   354  00FF50  8C9B               	bsf	155,6,c	;volatile
   355                           
   356                           ;inLab02.c: 88:     ANSELAbits.ANSA2 = 0;
   357  00FF52  010F               	movlb	15	; () banked
   358  00FF54  9538               	bcf	56,2,b	;volatile
   359                           
   360                           ;inLab02.c: 89:     TRISAbits.TRISA2 = 1;
   361  00FF56  8492               	bsf	146,2,c	;volatile
   362                           
   363                           ;inLab02.c: 91:     ANSELBbits.ANSB5 = 0;
   364  00FF58  9B39               	bcf	57,5,b	;volatile
   365                           
   366                           ;inLab02.c: 92:     TRISBbits.TRISB5 = 0;
   367  00FF5A  9A93               	bcf	147,5,c	;volatile
   368  00FF5C                     
   369                           ; BSR set to: 15
   370  00FF5C  0012               	return		;funcret
   371  00FF5E                     __end_of_initPIC:
   372                           	callstack 0
   373  0000                     
   374                           	psect	rparam
   375  0000                     
   376                           	psect	idloc
   377                           
   378                           ;Config register IDLOC0 @ 0x200000
   379                           ;	unspecified, using default values
   380  200000                     	org	2097152
   381  200000  FF                 	db	255
   382                           
   383                           ;Config register IDLOC1 @ 0x200001
   384                           ;	unspecified, using default values
   385  200001                     	org	2097153
   386  200001  FF                 	db	255
   387                           
   388                           ;Config register IDLOC2 @ 0x200002
   389                           ;	unspecified, using default values
   390  200002                     	org	2097154
   391  200002  FF                 	db	255
   392                           
   393                           ;Config register IDLOC3 @ 0x200003
   394                           ;	unspecified, using default values
   395  200003                     	org	2097155
   396  200003  FF                 	db	255
   397                           
   398                           ;Config register IDLOC4 @ 0x200004
   399                           ;	unspecified, using default values
   400  200004                     	org	2097156
   401  200004  FF                 	db	255
   402                           
   403                           ;Config register IDLOC5 @ 0x200005
   404                           ;	unspecified, using default values
   405  200005                     	org	2097157
   406  200005  FF                 	db	255
   407                           
   408                           ;Config register IDLOC6 @ 0x200006
   409                           ;	unspecified, using default values
   410  200006                     	org	2097158
   411  200006  FF                 	db	255
   412                           
   413                           ;Config register IDLOC7 @ 0x200007
   414                           ;	unspecified, using default values
   415  200007                     	org	2097159
   416  200007  FF                 	db	255
   417                           
   418                           	psect	config
   419                           
   420                           ; Padding undefined space
   421  300000                     	org	3145728
   422  300000  FF                 	db	255
   423                           
   424                           ;Config register CONFIG1H @ 0x300001
   425                           ;	Oscillator Selection bits
   426                           ;	FOSC = INTIO67, Internal oscillator block
   427                           ;	4X PLL Enable
   428                           ;	PLLCFG = OFF, Oscillator used directly
   429                           ;	Primary clock enable bit
   430                           ;	PRICLKEN = ON, Primary clock enabled
   431                           ;	Fail-Safe Clock Monitor Enable bit
   432                           ;	FCMEN = 0x0, unprogrammed default
   433                           ;	Internal/External Oscillator Switchover bit
   434                           ;	IESO = 0x0, unprogrammed default
   435  300001                     	org	3145729
   436  300001  28                 	db	40
   437                           
   438                           ;Config register CONFIG2L @ 0x300002
   439                           ;	unspecified, using default values
   440                           ;	Power-up Timer Enable bit
   441                           ;	PWRTEN = 0x1, unprogrammed default
   442                           ;	Brown-out Reset Enable bits
   443                           ;	BOREN = 0x3, unprogrammed default
   444                           ;	Brown Out Reset Voltage bits
   445                           ;	BORV = 0x3, unprogrammed default
   446  300002                     	org	3145730
   447  300002  1F                 	db	31
   448                           
   449                           ;Config register CONFIG2H @ 0x300003
   450                           ;	unspecified, using default values
   451                           ;	Watchdog Timer Enable bits
   452                           ;	WDTEN = 0x3, unprogrammed default
   453                           ;	Watchdog Timer Postscale Select bits
   454                           ;	WDTPS = 0xF, unprogrammed default
   455  300003                     	org	3145731
   456  300003  3F                 	db	63
   457                           
   458                           ; Padding undefined space
   459  300004                     	org	3145732
   460  300004  FF                 	db	255
   461                           
   462                           ;Config register CONFIG3H @ 0x300005
   463                           ;	unspecified, using default values
   464                           ;	CCP2 MUX bit
   465                           ;	CCP2MX = 0x1, unprogrammed default
   466                           ;	PORTB A/D Enable bit
   467                           ;	PBADEN = 0x1, unprogrammed default
   468                           ;	P3A/CCP3 Mux bit
   469                           ;	CCP3MX = 0x1, unprogrammed default
   470                           ;	HFINTOSC Fast Start-up
   471                           ;	HFOFST = 0x1, unprogrammed default
   472                           ;	Timer3 Clock input mux bit
   473                           ;	T3CMX = 0x1, unprogrammed default
   474                           ;	ECCP2 B output mux bit
   475                           ;	P2BMX = 0x1, unprogrammed default
   476                           ;	MCLR Pin Enable bit
   477                           ;	MCLRE = 0x1, unprogrammed default
   478  300005                     	org	3145733
   479  300005  BF                 	db	191
   480                           
   481                           ;Config register CONFIG4L @ 0x300006
   482                           ;	unspecified, using default values
   483                           ;	Stack Full/Underflow Reset Enable bit
   484                           ;	STVREN = 0x1, unprogrammed default
   485                           ;	Single-Supply ICSP Enable bit
   486                           ;	LVP = 0x1, unprogrammed default
   487                           ;	Extended Instruction Set Enable bit
   488                           ;	XINST = 0x0, unprogrammed default
   489                           ;	Background Debug
   490                           ;	DEBUG = 0x1, unprogrammed default
   491  300006                     	org	3145734
   492  300006  85                 	db	133
   493                           
   494                           ; Padding undefined space
   495  300007                     	org	3145735
   496  300007  FF                 	db	255
   497                           
   498                           ;Config register CONFIG5L @ 0x300008
   499                           ;	unspecified, using default values
   500                           ;	Code Protection Block 0
   501                           ;	CP0 = 0x1, unprogrammed default
   502                           ;	Code Protection Block 1
   503                           ;	CP1 = 0x1, unprogrammed default
   504                           ;	Code Protection Block 2
   505                           ;	CP2 = 0x1, unprogrammed default
   506                           ;	Code Protection Block 3
   507                           ;	CP3 = 0x1, unprogrammed default
   508  300008                     	org	3145736
   509  300008  0F                 	db	15
   510                           
   511                           ;Config register CONFIG5H @ 0x300009
   512                           ;	unspecified, using default values
   513                           ;	Boot Block Code Protection bit
   514                           ;	CPB = 0x1, unprogrammed default
   515                           ;	Data EEPROM Code Protection bit
   516                           ;	CPD = 0x1, unprogrammed default
   517  300009                     	org	3145737
   518  300009  C0                 	db	192
   519                           
   520                           ;Config register CONFIG6L @ 0x30000A
   521                           ;	unspecified, using default values
   522                           ;	Write Protection Block 0
   523                           ;	WRT0 = 0x1, unprogrammed default
   524                           ;	Write Protection Block 1
   525                           ;	WRT1 = 0x1, unprogrammed default
   526                           ;	Write Protection Block 2
   527                           ;	WRT2 = 0x1, unprogrammed default
   528                           ;	Write Protection Block 3
   529                           ;	WRT3 = 0x1, unprogrammed default
   530  30000A                     	org	3145738
   531  30000A  0F                 	db	15
   532                           
   533                           ;Config register CONFIG6H @ 0x30000B
   534                           ;	unspecified, using default values
   535                           ;	Configuration Register Write Protection bit
   536                           ;	WRTC = 0x1, unprogrammed default
   537                           ;	Boot Block Write Protection bit
   538                           ;	WRTB = 0x1, unprogrammed default
   539                           ;	Data EEPROM Write Protection bit
   540                           ;	WRTD = 0x1, unprogrammed default
   541  30000B                     	org	3145739
   542  30000B  E0                 	db	224
   543                           
   544                           ;Config register CONFIG7L @ 0x30000C
   545                           ;	unspecified, using default values
   546                           ;	Table Read Protection Block 0
   547                           ;	EBTR0 = 0x1, unprogrammed default
   548                           ;	Table Read Protection Block 1
   549                           ;	EBTR1 = 0x1, unprogrammed default
   550                           ;	Table Read Protection Block 2
   551                           ;	EBTR2 = 0x1, unprogrammed default
   552                           ;	Table Read Protection Block 3
   553                           ;	EBTR3 = 0x1, unprogrammed default
   554  30000C                     	org	3145740
   555  30000C  0F                 	db	15
   556                           
   557                           ;Config register CONFIG7H @ 0x30000D
   558                           ;	unspecified, using default values
   559                           ;	Boot Block Table Read Protection bit
   560                           ;	EBTRB = 0x1, unprogrammed default
   561  30000D                     	org	3145741
   562  30000D  40                 	db	64
   563                           tosu	equ	0xFFF
   564                           tosh	equ	0xFFE
   565                           tosl	equ	0xFFD
   566                           stkptr	equ	0xFFC
   567                           pclatu	equ	0xFFB
   568                           pclath	equ	0xFFA
   569                           pcl	equ	0xFF9
   570                           tblptru	equ	0xFF8
   571                           tblptrh	equ	0xFF7
   572                           tblptrl	equ	0xFF6
   573                           tablat	equ	0xFF5
   574                           prodh	equ	0xFF4
   575                           prodl	equ	0xFF3
   576                           indf0	equ	0xFEF
   577                           postinc0	equ	0xFEE
   578                           postdec0	equ	0xFED
   579                           preinc0	equ	0xFEC
   580                           plusw0	equ	0xFEB
   581                           fsr0h	equ	0xFEA
   582                           fsr0l	equ	0xFE9
   583                           wreg	equ	0xFE8
   584                           indf1	equ	0xFE7
   585                           postinc1	equ	0xFE6
   586                           postdec1	equ	0xFE5
   587                           preinc1	equ	0xFE4
   588                           plusw1	equ	0xFE3
   589                           fsr1h	equ	0xFE2
   590                           fsr1l	equ	0xFE1
   591                           bsr	equ	0xFE0
   592                           indf2	equ	0xFDF
   593                           postinc2	equ	0xFDE
   594                           postdec2	equ	0xFDD
   595                           preinc2	equ	0xFDC
   596                           plusw2	equ	0xFDB
   597                           fsr2h	equ	0xFDA
   598                           fsr2l	equ	0xFD9
   599                           status	equ	0xFD8

Data Sizes:
    Strings     0
    Constant    0
    Data        0
    BSS         0
    Persistent  0
    Stack       0

Auto Spaces:
    Space          Size  Autos    Used
    COMRAM           95      8       8
    BANK0           160      0       0
    BANK1           256      0       0
    BANK2           256      0       0
    BANK3           256      0       0
    BANK4           256      0       0
    BANK5           256      0       0
    BANK6           256      0       0
    BANK7           256      0       0
    BANK8           256      0       0
    BANK9           256      0       0
    BANK10          256      0       0
    BANK11          256      0       0
    BANK12          256      0       0
    BANK13          256      0       0
    BANK14          256      0       0
    BANK15           56      0       0

Pointer List with Targets:

    None.

Critical Paths under _main in COMRAM

    _main->_milliSecondDelay
    _milliSecondDelay->_microSecondDelay

Critical Paths under _main in BANK0

    None.

Critical Paths under _main in BANK1

    None.

Critical Paths under _main in BANK2

    None.

Critical Paths under _main in BANK3

    None.

Critical Paths under _main in BANK4

    None.

Critical Paths under _main in BANK5

    None.

Critical Paths under _main in BANK6

    None.

Critical Paths under _main in BANK7

    None.

Critical Paths under _main in BANK8

    None.

Critical Paths under _main in BANK9

    None.

Critical Paths under _main in BANK10

    None.

Critical Paths under _main in BANK11

    None.

Critical Paths under _main in BANK12

    None.

Critical Paths under _main in BANK13

    None.

Critical Paths under _main in BANK14

    None.

Critical Paths under _main in BANK15

    None.

Call Graph Tables:

 ---------------------------------------------------------------------------------
 (Depth) Function   	        Calls       Base Space   Used Autos Params    Refs
 ---------------------------------------------------------------------------------
 (0) _main                                                 0     0      0     244
                            _initPIC
                   _milliSecondDelay
 ---------------------------------------------------------------------------------
 (1) _milliSecondDelay                                     4     2      2     244
                                              4 COMRAM     4     2      2
                   _microSecondDelay
 ---------------------------------------------------------------------------------
 (2) _microSecondDelay                                     4     2      2     122
                                              0 COMRAM     4     2      2
 ---------------------------------------------------------------------------------
 (1) _initPIC                                              0     0      0       0
 ---------------------------------------------------------------------------------
 Estimated maximum stack depth 2
 ---------------------------------------------------------------------------------

 Call Graph Graphs:

 _main (ROOT)
   _initPIC
   _milliSecondDelay
     _microSecondDelay

 Address spaces:
Name               Size   Autos  Total    Cost      Usage
BITCOMRAM           5F      0       0       0        0.0%
EEDATA             400      0       0       0        0.0%
NULL                 0      0       0       0        0.0%
CODE                 0      0       0       0        0.0%
COMRAM              5F      8       8       1        8.4%
STACK                0      0       0       2        0.0%
DATA                 0      0       0       3        0.0%
BITBANK0            A0      0       0       4        0.0%
BANK0               A0      0       0       5        0.0%
BITBANK1           100      0       0       6        0.0%
BANK1              100      0       0       7        0.0%
BITBANK2           100      0       0       8        0.0%
BANK2              100      0       0       9        0.0%
BITBANK3           100      0       0      10        0.0%
BANK3              100      0       0      11        0.0%
ABS                  0      0       0      12        0.0%
BITBANK4           100      0       0      13        0.0%
BANK4              100      0       0      14        0.0%
BITBANK5           100      0       0      15        0.0%
BANK5              100      0       0      16        0.0%
BITBANK6           100      0       0      17        0.0%
BANK6              100      0       0      18        0.0%
BITBANK7           100      0       0      19        0.0%
BANK7              100      0       0      20        0.0%
BITBANK8           100      0       0      21        0.0%
BANK8              100      0       0      22        0.0%
BITBANK9           100      0       0      23        0.0%
BANK9              100      0       0      24        0.0%
BITBANK10          100      0       0      25        0.0%
BANK10             100      0       0      26        0.0%
BITBANK11          100      0       0      27        0.0%
BANK11             100      0       0      28        0.0%
BITBANK12          100      0       0      29        0.0%
BANK12             100      0       0      30        0.0%
BITBANK13          100      0       0      31        0.0%
BANK13             100      0       0      32        0.0%
BITBANK14          100      0       0      33        0.0%
BANK14             100      0       0      34        0.0%
BITBANK15           38      0       0      35        0.0%
BANK15              38      0       0      36        0.0%
BIGRAM             F37      0       0      37        0.0%
BITSFR_1             0      0       0     200        0.0%
SFR_1                0      0       0     200        0.0%
BITSFR               0      0       0     200        0.0%
SFR                  0      0       0     200        0.0%


Microchip Technology PIC18 Macro Assembler V2.20 build 20200408173844 
Symbol Table                                                                                   Thu Sep 03 18:50:17 2020

                       l31 FFD6                         l41 FF5C                         l51 FF6A  
                       l28 FFC8                         l53 FF8C                         l47 FFC0  
                       u50 FF8C                         u51 FF88                         u60 FFC0  
                       u61 FFBC                         u70 FFD6                         u71 FFD2  
                       u80 FFF8                         u81 FFF4                        l735 FF4A  
                      l761 FF8E                        l755 FF5E                        l763 FF9A  
                      l771 FFC6                        l757 FF72                        l765 FFA6  
                      l773 FFDC                        l759 FF76                        l767 FFAA  
                      l775 FFDE                        l777 FFEA                        l769 FFC2  
         _milliSecondDelay FF8E                       _main FFC2                       start 0000  
             ___param_bank 000000                      ?_main 0001            __end_of_initPIC FF5E  
                    status 000FD8            __initialization FF44               __end_of_main 0000  
                   ??_main 0009              __activetblptr 000000  __size_of_microSecondDelay 0030  
                ??_initPIC 0001                 __accesstop 0060    __end_of__initialization FF44  
 __end_of_milliSecondDelay FFC2              ___rparam_used 000001             __pcstackCOMRAM 0001  
                  __Hparam 0000                    __Lparam 0000          milliSecondDelay@i 0007  
         _microSecondDelay FF5E                    __pcinit FF44                    __ramtop 1000  
                  __ptext0 FFC2                    __ptext1 FF8E                    __ptext2 FF5E  
                  __ptext3 FF4A                    _initPIC FF4A       end_of_initialization FF44  
                _PORTAbits 000F80                  _TRISAbits 000F92                  _TRISBbits 000F93  
        ?_milliSecondDelay 0005         ??_milliSecondDelay 0007        start_initialization FF44  
 __end_of_microSecondDelay FF8E                   ?_initPIC 0001                   _LATBbits 000F8A  
                 __Hrparam 0000                   __Lrparam 0000         milliSecondDelay@ms 0005  
               _ANSELAbits 000F38                 _ANSELBbits 000F39  __size_of_milliSecondDelay 0034  
         __size_of_initPIC 0014              __size_of_main 003E                _OSCTUNEbits 000F9B  
        ?_microSecondDelay 0001         ??_microSecondDelay 0003                 _OSCCONbits 000FD3  
       microSecondDelay@us 0001          microSecondDelay@i 0003  
